<?xml version="1.0" encoding="UTF-8"?>
<testng-results skipped="0" failed="0" total="1" passed="1">
  <reporter-output>
  </reporter-output>
  <suite name="Suite" duration-ms="18849" started-at="2017-11-03T17:41:37Z" finished-at="2017-11-03T17:41:56Z">
    <groups>
    </groups>
    <test name="ClearTripDemo" duration-ms="18849" started-at="2017-11-03T17:41:37Z" finished-at="2017-11-03T17:41:56Z">
      <class name="runningScipts.ClearTripDemo">
        <test-method status="PASS" signature="initializeTestBaseSetup(java.lang.String, java.lang.String)[pri:0, instance:runningScipts.ClearTripDemo@4e1d422d]" name="initializeTestBaseSetup" is-config="true" duration-ms="7603" started-at="2017-11-03T23:11:37Z" finished-at="2017-11-03T23:11:45Z">
          <params>
            <param index="0">
              <value>
                <![CDATA[chrome]]>
              </value>
            </param>
            <param index="1">
              <value>
                <![CDATA[Demo]]>
              </value>
            </param>
          </params>
          <reporter-output>
          </reporter-output>
        </test-method> <!-- initializeTestBaseSetup -->
        <test-method status="PASS" signature="setup()[pri:0, instance:runningScipts.ClearTripDemo@4e1d422d]" name="setup" is-config="true" duration-ms="1" started-at="2017-11-03T23:11:45Z" finished-at="2017-11-03T23:11:45Z">
          <reporter-output>
          </reporter-output>
        </test-method> <!-- setup -->
        <test-method status="PASS" signature="ClearTrip_ScenarioOne()[pri:1, instance:runningScipts.ClearTripDemo@4e1d422d]" name="ClearTrip_ScenarioOne" duration-ms="10070" started-at="2017-11-03T23:11:45Z" finished-at="2017-11-03T23:11:55Z">
          <reporter-output>
          </reporter-output>
        </test-method> <!-- ClearTrip_ScenarioOne -->
        <test-method status="PASS" signature="teardown()[pri:0, instance:runningScipts.ClearTripDemo@4e1d422d]" name="teardown" is-config="true" duration-ms="1153" started-at="2017-11-03T23:11:55Z" finished-at="2017-11-03T23:11:56Z">
          <reporter-output>
          </reporter-output>
        </test-method> <!-- teardown -->
        <test-method status="PASS" signature="tearDown()[pri:0, instance:runningScipts.ClearTripDemo@4e1d422d]" name="tearDown" is-config="true" duration-ms="0" started-at="2017-11-03T23:11:56Z" finished-at="2017-11-03T23:11:56Z">
          <reporter-output>
          </reporter-output>
        </test-method> <!-- tearDown -->
      </class> <!-- runningScipts.ClearTripDemo -->
    </test> <!-- ClearTripDemo -->
  </suite> <!-- Suite -->
</testng-results>
